<?xml version="1.0" encoding="UTF-8"?>
<!-- Generated by org.testng.reporters.JUnitReportReporter -->
<testsuite skipped="0" hostname="DESKTOP-14I96C6" name="synchronization.ExplicitWait" tests="1" failures="0" timestamp="07 Aug 2018 09:22:07 GMT" time="18.629" errors="0">
  <testcase name="main" time="18.629" classname="synchronization.ExplicitWait"/>
</testsuite> <!-- synchronization.ExplicitWait -->
