<?xml version="1.0" encoding="UTF-8"?>
<!-- Generated by org.testng.reporters.JUnitReportReporter -->
<testsuite skipped="0" hostname="DESKTOP-14I96C6" name="synchronization.ThreadSleep" tests="1" failures="0" timestamp="07 Aug 2018 09:44:39 GMT" time="26.043" errors="0">
  <testcase name="main" time="26.043" classname="synchronization.ThreadSleep"/>
</testsuite> <!-- synchronization.ThreadSleep -->
