<?xml version="1.0" encoding="UTF-8"?>
<!-- Generated by org.testng.reporters.JUnitReportReporter -->
<testsuite skipped="0" hostname="DESKTOP-14I96C6" name="synchronization.PageLoadTimeOut" tests="1" failures="0" timestamp="07 Aug 2018 09:24:56 GMT" time="15.341" errors="0">
  <testcase name="main" time="15.341" classname="synchronization.PageLoadTimeOut"/>
</testsuite> <!-- synchronization.PageLoadTimeOut -->
